<?xml version="1.0" encoding="UTF-8"?>
<coverage generated="1762396322826" clover="3.2.0">
  <project timestamp="1762396322826" name="All files">
    <metrics statements="27" coveredstatements="27" conditionals="4" coveredconditionals="3" methods="8" coveredmethods="8" elements="39" coveredelements="38" complexity="0" loc="27" ncloc="27" packages="3" files="3" classes="3"/>
    <package name="clients">
      <metrics statements="16" coveredstatements="16" conditionals="4" coveredconditionals="3" methods="7" coveredmethods="7"/>
      <file name="clients.service.ts" path="C:\v3\apps\backend\src\modules\clients\clients.service.ts">
        <metrics statements="16" coveredstatements="16" conditionals="4" coveredconditionals="3" methods="7" coveredmethods="7"/>
        <line num="2" count="1" type="stmt"/>
        <line num="3" count="1" type="stmt"/>
        <line num="4" count="1" type="stmt"/>
        <line num="5" count="1" type="stmt"/>
        <line num="7" count="1" type="stmt"/>
        <line num="8" count="8" type="stmt"/>
        <line num="9" count="1" type="stmt"/>
        <line num="10" count="1" type="stmt"/>
        <line num="11" count="1" type="stmt"/>
        <line num="12" count="1" type="stmt"/>
        <line num="13" count="1" type="stmt"/>
        <line num="15" count="2" type="stmt"/>
        <line num="16" count="2" type="cond" truecount="2" falsecount="0"/>
        <line num="17" count="1" type="cond" truecount="1" falsecount="1"/>
        <line num="18" count="1" type="stmt"/>
        <line num="19" count="1" type="stmt"/>
      </file>
    </package>
    <package name="clients.entities">
      <metrics statements="9" coveredstatements="9" conditionals="0" coveredconditionals="0" methods="0" coveredmethods="0"/>
      <file name="client.entity.ts" path="C:\v3\apps\backend\src\modules\clients\entities\client.entity.ts">
        <metrics statements="9" coveredstatements="9" conditionals="0" coveredconditionals="0" methods="0" coveredmethods="0"/>
        <line num="2" count="1" type="stmt"/>
        <line num="4" count="1" type="stmt"/>
        <line num="5" count="1" type="stmt"/>
        <line num="6" count="1" type="stmt"/>
        <line num="7" count="1" type="stmt"/>
        <line num="8" count="1" type="stmt"/>
        <line num="9" count="1" type="stmt"/>
        <line num="10" count="1" type="stmt"/>
        <line num="11" count="1" type="stmt"/>
      </file>
    </package>
    <package name="health">
      <metrics statements="2" coveredstatements="2" conditionals="0" coveredconditionals="0" methods="1" coveredmethods="1"/>
      <file name="health.service.ts" path="C:\v3\apps\backend\src\modules\health\health.service.ts">
        <metrics statements="2" coveredstatements="2" conditionals="0" coveredconditionals="0" methods="1" coveredmethods="1"/>
        <line num="3" count="1" type="stmt"/>
        <line num="5" count="1" type="stmt"/>
      </file>
    </package>
  </project>
</coverage>
