{"C:\\v3\\apps\\backend\\src\\modules\\clients\\clients.service.ts": {"path":"C:\\v3\\apps\\backend\\src\\modules\\clients\\clients.service.ts","statementMap":{"0":{"start":{"line":2,"column":0},"end":{"line":2,"column":44}},"1":{"start":{"line":3,"column":0},"end":{"line":3,"column":51}},"2":{"start":{"line":4,"column":0},"end":{"line":4,"column":37}},"3":{"start":{"line":5,"column":0},"end":{"line":5,"column":50}},"4":{"start":{"line":7,"column":7},"end":{"line":21,"column":null}},"5":{"start":{"line":8,"column":48},"end":{"line":8,"column":54}},"6":{"start":{"line":9,"column":34},"end":{"line":9,"column":80}},"7":{"start":{"line":10,"column":14},"end":{"line":10,"column":97}},"8":{"start":{"line":11,"column":24},"end":{"line":11,"column":68}},"9":{"start":{"line":12,"column":52},"end":{"line":12,"column":85}},"10":{"start":{"line":12,"column":86},"end":{"line":12,"column":110}},"11":{"start":{"line":13,"column":33},"end":{"line":13,"column":79}},"12":{"start":{"line":13,"column":80},"end":{"line":13,"column":94}},"13":{"start":{"line":15,"column":19},"end":{"line":15,"column":41}},"14":{"start":{"line":16,"column":4},"end":{"line":16,"column":29}},"15":{"start":{"line":16,"column":17},"end":{"line":16,"column":29}},"16":{"start":{"line":17,"column":4},"end":{"line":17,"column":51}},"17":{"start":{"line":18,"column":4},"end":{"line":18,"column":33}},"18":{"start":{"line":19,"column":4},"end":{"line":19,"column":28}},"19":{"start":{"line":7,"column":13},"end":{"line":7,"column":27}},"20":{"start":{"line":7,"column":13},"end":{"line":21,"column":null}}},"fnMap":{"0":{"name":"(anonymous_4)","decl":{"start":{"line":8,"column":2},"end":{"line":8,"column":15}},"loc":{"start":{"line":8,"column":72},"end":{"line":8,"column":76}}},"1":{"name":"(anonymous_5)","decl":{"start":{"line":9,"column":2},"end":{"line":9,"column":8}},"loc":{"start":{"line":9,"column":30},"end":{"line":9,"column":82}}},"2":{"name":"(anonymous_6)","decl":{"start":{"line":10,"column":2},"end":{"line":10,"column":9}},"loc":{"start":{"line":10,"column":9},"end":{"line":10,"column":99}}},"3":{"name":"(anonymous_7)","decl":{"start":{"line":11,"column":2},"end":{"line":11,"column":9}},"loc":{"start":{"line":11,"column":20},"end":{"line":11,"column":70}}},"4":{"name":"(anonymous_8)","decl":{"start":{"line":12,"column":2},"end":{"line":12,"column":7}},"loc":{"start":{"line":12,"column":48},"end":{"line":12,"column":112}}},"5":{"name":"(anonymous_9)","decl":{"start":{"line":13,"column":2},"end":{"line":13,"column":7}},"loc":{"start":{"line":13,"column":29},"end":{"line":13,"column":96}}},"6":{"name":"(anonymous_10)","decl":{"start":{"line":14,"column":2},"end":{"line":14,"column":7}},"loc":{"start":{"line":14,"column":32},"end":{"line":20,"column":3}}}},"branchMap":{"0":{"loc":{"start":{"line":16,"column":4},"end":{"line":16,"column":29}},"type":"if","locations":[{"start":{"line":16,"column":4},"end":{"line":16,"column":29}},{"start":{},"end":{}}]},"1":{"loc":{"start":{"line":17,"column":24},"end":{"line":17,"column":45}},"type":"binary-expr","locations":[{"start":{"line":17,"column":24},"end":{"line":17,"column":40}},{"start":{"line":17,"column":44},"end":{"line":17,"column":45}}]}},"s":{"0":1,"1":1,"2":1,"3":1,"4":1,"5":8,"6":1,"7":1,"8":1,"9":1,"10":1,"11":1,"12":1,"13":2,"14":2,"15":1,"16":1,"17":1,"18":1,"19":1,"20":1},"f":{"0":8,"1":1,"2":1,"3":1,"4":1,"5":1,"6":2},"b":{"0":[1,1],"1":[1,0]}}
,"C:\\v3\\apps\\backend\\src\\modules\\clients\\entities\\client.entity.ts": {"path":"C:\\v3\\apps\\backend\\src\\modules\\clients\\entities\\client.entity.ts","statementMap":{"0":{"start":{"line":2,"column":0},"end":{"line":2,"column":101}},"1":{"start":{"line":4,"column":7},"end":{"line":12,"column":null}},"2":{"start":{"line":4,"column":13},"end":{"line":4,"column":19}},"3":{"start":{"line":5,"column":34},"end":{"line":5,"column":null}},"4":{"start":{"line":6,"column":12},"end":{"line":6,"column":null}},"5":{"start":{"line":7,"column":28},"end":{"line":7,"column":null}},"6":{"start":{"line":8,"column":30},"end":{"line":8,"column":null}},"7":{"start":{"line":9,"column":22},"end":{"line":9,"column":null}},"8":{"start":{"line":10,"column":22},"end":{"line":10,"column":null}},"9":{"start":{"line":11,"column":26},"end":{"line":11,"column":null}},"10":{"start":{"line":4,"column":13},"end":{"line":12,"column":null}}},"fnMap":{},"branchMap":{},"s":{"0":1,"1":1,"2":1,"3":1,"4":1,"5":1,"6":1,"7":1,"8":1,"9":1,"10":1},"f":{},"b":{}}
,"C:\\v3\\apps\\backend\\src\\modules\\health\\health.service.ts": {"path":"C:\\v3\\apps\\backend\\src\\modules\\health\\health.service.ts","statementMap":{"0":{"start":{"line":5,"column":4},"end":{"line":5,"column":28}},"1":{"start":{"line":3,"column":0},"end":{"line":3,"column":13}}},"fnMap":{"0":{"name":"(anonymous_0)","decl":{"start":{"line":4,"column":2},"end":{"line":4,"column":7}},"loc":{"start":{"line":4,"column":7},"end":{"line":6,"column":3}}}},"branchMap":{},"s":{"0":1,"1":1},"f":{"0":1},"b":{}}
}
